<?xml version="1.0" encoding="UTF-8"?>
<!-- Generated by org.testng.reporters.JUnitReportReporter -->
<testsuite hostname="LAPTOP-TUNHJSDN" failures="0" tests="2" name="MyTests.GuruTests" time="8.578" errors="1" timestamp="2024-04-03T14:49:54 IST" skipped="1">
  <testcase classname="MyTests.GuruTests" name="Login" time="0.000">
    <skipped/>
  </testcase> <!-- Login -->
  <testcase classname="MyTests.GuruTests" name="Setup" time="8.578">
    <error message="Unresolved compilation problems: 
	The constructor Object(WebDriver) is undefined
	The method Sendkeys(By, String) is undefined for the type loginPgae
	The method Sendkeys(By, String) is undefined for the type loginPgae
	The method Click(By) is undefined for the type loginPgae
" type="java.lang.Error">
      <![CDATA[java.lang.Error: Unresolved compilation problems: 
The constructor Object(WebDriver) is undefined
The method Sendkeys(By, String) is undefined for the type loginPgae
The method Sendkeys(By, String) is undefined for the type loginPgae
The method Click(By) is undefined for the type loginPgae

at Pages.loginPgae.<init>(loginPgae.java:11)
at MyTests.BaseTest.Setup(BaseTest.java:24)
at java.base/jdk.internal.reflect.DirectMethodHandleAccessor.invoke(DirectMethodHandleAccessor.java:103)
at java.base/java.lang.reflect.Method.invoke(Method.java:580)
at org.testng.internal.invokers.MethodInvocationHelper.invokeMethod(MethodInvocationHelper.java:139)
at org.testng.internal.invokers.MethodInvocationHelper.invokeMethodConsideringTimeout(MethodInvocationHelper.java:69)
at org.testng.internal.invokers.ConfigInvoker.invokeConfigurationMethod(ConfigInvoker.java:393)
at org.testng.internal.invokers.ConfigInvoker.invokeConfigurations(ConfigInvoker.java:326)
at org.testng.TestRunner.invokeTestConfigurations(TestRunner.java:661)
at org.testng.TestRunner.beforeRun(TestRunner.java:650)
at org.testng.TestRunner.run(TestRunner.java:612)
at org.testng.SuiteRunner.runTest(SuiteRunner.java:443)
at org.testng.SuiteRunner.runSequentially(SuiteRunner.java:437)
at org.testng.SuiteRunner.privateRun(SuiteRunner.java:397)
at org.testng.SuiteRunner.run(SuiteRunner.java:336)
at org.testng.SuiteRunnerWorker.runSuite(SuiteRunnerWorker.java:52)
at org.testng.SuiteRunnerWorker.run(SuiteRunnerWorker.java:95)
at org.testng.TestNG.runSuitesSequentially(TestNG.java:1301)
at org.testng.TestNG.runSuitesLocally(TestNG.java:1228)
at org.testng.TestNG.runSuites(TestNG.java:1134)
at org.testng.TestNG.run(TestNG.java:1101)
at org.testng.remote.AbstractRemoteTestNG.run(AbstractRemoteTestNG.java:115)
at org.testng.remote.RemoteTestNG.initAndRun(RemoteTestNG.java:251)
at org.testng.remote.RemoteTestNG.main(RemoteTestNG.java:77)
]]>
    </error>
  </testcase> <!-- Setup -->
</testsuite> <!-- MyTests.GuruTests -->
