<?xml version="1.0" encoding="UTF-8"?>
<!-- Generated by org.testng.reporters.JUnitReportReporter -->
<testsuite hostname="LAPTOP-TUNHJSDN" failures="0" tests="1" name="MyTests.GuruTests" time="1.692" errors="0" timestamp="2024-04-03T16:00:15 IST" skipped="0">
  <testcase classname="MyTests.GuruTests" name="Login" time="1.692"/>
</testsuite> <!-- MyTests.GuruTests -->
